<?xml version="1.0" encoding="UTF-8"?>
<!-- Generated by org.testng.reporters.JUnitXMLReporter -->
<testsuite ignored="19" hostname="Amits-MacBook-Pro.local" failures="0" tests="1" name="Default test" time="18.934" errors="0" timestamp="2025-03-23T16:56:21 IST">
  <testcase classname="Selenium.AllTest" name="draganddrop" time="18.89"/>
  <testcase classname="Selenium.AllTest" name="datePicker" time="0.0">
    <ignored/>
  </testcase> <!-- datePicker -->
  <testcase classname="Selenium.AllTest" name="staticWebTable" time="0.0">
    <ignored/>
  </testcase> <!-- staticWebTable -->
  <testcase classname="Selenium.AllTest" name="makeMyTrip" time="0.0">
    <ignored/>
  </testcase> <!-- makeMyTrip -->
  <testcase classname="Selenium.AllTest" name="authenticationPopup" time="0.0">
    <ignored/>
  </testcase> <!-- authenticationPopup -->
  <testcase classname="Selenium.AllTest" name="assignmenttwo" time="0.0">
    <ignored/>
  </testcase> <!-- assignmenttwo -->
  <testcase classname="Selenium.AllTest" name="clickInAutoSuggestDD" time="0.0">
    <ignored/>
  </testcase> <!-- clickInAutoSuggestDD -->
  <testcase classname="Selenium.AllTest" name="handleAlertWithExplicitWait" time="0.0">
    <ignored/>
  </testcase> <!-- handleAlertWithExplicitWait -->
  <testcase classname="Selenium.AllTest" name="captureAllDropdownValue" time="0.0">
    <ignored/>
  </testcase> <!-- captureAllDropdownValue -->
  <testcase classname="Selenium.AllTest" name="navigationCommands" time="0.0">
    <ignored/>
  </testcase> <!-- navigationCommands -->
  <testcase classname="Selenium.AllTest" name="frame" time="0.0">
    <ignored/>
  </testcase> <!-- frame -->
  <testcase classname="Selenium.AllTest" name="getTextInPage" time="0.0">
    <ignored/>
  </testcase> <!-- getTextInPage -->
  <testcase classname="Selenium.AllTest" name="actionMethods" time="0.0">
    <ignored/>
  </testcase> <!-- actionMethods -->
  <testcase classname="Selenium.AllTest" name="assignment01" time="0.0">
    <ignored/>
  </testcase> <!-- assignment01 -->
  <testcase classname="Selenium.AllTest" name="dropdowns" time="0.0">
    <ignored/>
  </testcase> <!-- dropdowns -->
  <testcase classname="Selenium.AllTest" name="alerts" time="0.0">
    <ignored/>
  </testcase> <!-- alerts -->
  <testcase classname="Selenium.AllTest" name="getMethods" time="0.0">
    <ignored/>
  </testcase> <!-- getMethods -->
  <testcase classname="Selenium.AllTest" name="assignment3" time="0.0">
    <ignored/>
  </testcase> <!-- assignment3 -->
  <testcase classname="Selenium.AllTest" name="conditionalMethods" time="0.0">
    <ignored/>
  </testcase> <!-- conditionalMethods -->
  <testcase classname="Selenium.AllTest" name="dynamicDropdown" time="0.0">
    <ignored/>
  </testcase> <!-- dynamicDropdown -->
</testsuite> <!-- Default test -->
