<?xml version="1.0" encoding="UTF-8"?>
<testng-results ignored="0" total="1" passed="1" failed="0" skipped="0">
  <reporter-output>
  </reporter-output>
  <suite started-at="2025-04-14T12:11:22 IST" name="Default suite" finished-at="2025-04-14T12:12:39 IST" duration-ms="77712">
    <groups>
    </groups>
    <test started-at="2025-04-14T12:11:22 IST" name="Default test" finished-at="2025-04-14T12:12:39 IST" duration-ms="77712">
      <class name="grouping.test01">
        <test-method signature="hdfcbankother()[pri:0, instance:grouping.test01@77888435]" started-at="2025-04-14T12:11:22 IST" name="hdfcbankother" finished-at="2025-04-14T12:12:39 IST" duration-ms="77694" status="PASS">
          <reporter-output>
          </reporter-output>
        </test-method> <!-- hdfcbankother -->
      </class> <!-- grouping.test01 -->
    </test> <!-- Default test -->
  </suite> <!-- Default suite -->
</testng-results>
